{"name": "test_all_products_are_clickable", "status": "failed", "statusDetails": {"message": "AssertionError: assert 6 == 0\n +  where 6 = <bound method PromotionPage.check_name_of_products of <Web.Tests.test_promotion.Test_Promotion object at 0x000002BCBF0B55A0>>()\n +    where <bound method PromotionPage.check_name_of_products of <Web.Tests.test_promotion.Test_Promotion object at 0x000002BCBF0B55A0>> = <Web.Tests.test_promotion.Test_Promotion object at 0x000002BCBF0B55A0>.check_name_of_products", "trace": "self = <Web.Tests.test_promotion.Test_Promotion object at 0x000002BCBF0B55A0>\n\n    @allure.severity(allure.severity_level.NORMAL)\n    @allure.description(\"varify if the product name on the first page matches the product name on the second page\")\n    def test_all_products_are_clickable(self):\n        self.open()\n        self.select_option1()\n        self.select_option2()\n        self.click_save_button()\n>       assert self.check_name_of_products() == 0\nE       assert 6 == 0\nE        +  where 6 = <bound method PromotionPage.check_name_of_products of <Web.Tests.test_promotion.Test_Promotion object at 0x000002BCBF0B55A0>>()\nE        +    where <bound method PromotionPage.check_name_of_products of <Web.Tests.test_promotion.Test_Promotion object at 0x000002BCBF0B55A0>> = <Web.Tests.test_promotion.Test_Promotion object at 0x000002BCBF0B55A0>.check_name_of_products\n\nTests\\test_promotion.py:26: AssertionError"}, "description": "varify if the product name on the first page matches the product name on the second page", "steps": [{"name": "Opening the qa-trado website", "status": "passed", "start": 1677084610469, "stop": 1677084631359}, {"name": "check_name_of_products", "status": "passed", "steps": [{"name": "count_number_of_products", "status": "passed", "parameters": [{"name": "locate", "value": "('xpath', \"//body/div[@id='root']/div[1]/div[2]/div[2]/div[1]/div[1]/div[2]/div[1]/div[2]/div[3]/a\")"}], "start": 1677084633131, "stop": 1677084633226}], "start": 1677084633130, "stop": 1677084695913}], "start": 1677084610469, "stop": 1677084695913, "uuid": "e6ded2cf-adae-4741-ad9e-0c88a3aff43c", "historyId": "05ad23e8268438378d73bb4ab6c2d5e3", "testCaseId": "6f7a80b991aa52f6f46b5022571b7c7b", "fullName": "Tests.test_promotion.Test_Promotion#test_all_products_are_clickable", "labels": [{"name": "severity", "value": "normal"}, {"name": "parentSuite", "value": "Tests"}, {"name": "suite", "value": "test_promotion"}, {"name": "subSuite", "value": "Test_Promotion"}, {"name": "host", "value": "mike"}, {"name": "thread", "value": "18868-MainThread"}, {"name": "framework", "value": "pytest"}, {"name": "language", "value": "cpython3"}, {"name": "package", "value": "Tests.test_promotion"}]}