{"name": "test_the_bolded_price_and_price_on_detail", "status": "failed", "statusDetails": {"message": "AssertionError: assert 14 == 0\n +  where 14 = <bound method PromotionPage.price_checking of <Web.Tests.test_promotion.Test_Promotion object at 0x000002BCBF0B5840>>()\n +    where <bound method PromotionPage.price_checking of <Web.Tests.test_promotion.Test_Promotion object at 0x000002BCBF0B5840>> = <Web.Tests.test_promotion.Test_Promotion object at 0x000002BCBF0B5840>.price_checking", "trace": "self = <Web.Tests.test_promotion.Test_Promotion object at 0x000002BCBF0B5840>\n\n    @allure.severity(allure.severity_level.NORMAL)\n    @allure.description(\"Check if the bolded price and unit price of the product is equal\")\n    def test_the_bolded_price_and_price_on_detail(self):\n        self.open()\n        self.select_option1()\n        self.select_option2()\n        self.click_save_button()\n>       assert self.price_checking() == 0\nE       assert 14 == 0\nE        +  where 14 = <bound method PromotionPage.price_checking of <Web.Tests.test_promotion.Test_Promotion object at 0x000002BCBF0B5840>>()\nE        +    where <bound method PromotionPage.price_checking of <Web.Tests.test_promotion.Test_Promotion object at 0x000002BCBF0B5840>> = <Web.Tests.test_promotion.Test_Promotion object at 0x000002BCBF0B5840>.price_checking\n\nTests\\test_promotion.py:127: AssertionError"}, "description": "Check if the bolded price and unit price of the product is equal", "steps": [{"name": "Opening the qa-trado website", "status": "passed", "start": 1677084947940, "stop": 1677084963742}, {"name": "price_checking", "status": "passed", "start": 1677084965683, "stop": 1677084971853}], "start": 1677084947940, "stop": 1677084971854, "uuid": "60aca51d-3072-4f4f-8167-10b76f20f9b9", "historyId": "93cb2789044ee756125470a4152b6a98", "testCaseId": "cf14dcadca5045bd073d167362aeb4f1", "fullName": "Tests.test_promotion.Test_Promotion#test_the_bolded_price_and_price_on_detail", "labels": [{"name": "severity", "value": "normal"}, {"name": "parentSuite", "value": "Tests"}, {"name": "suite", "value": "test_promotion"}, {"name": "subSuite", "value": "Test_Promotion"}, {"name": "host", "value": "mike"}, {"name": "thread", "value": "18868-MainThread"}, {"name": "framework", "value": "pytest"}, {"name": "language", "value": "cpython3"}, {"name": "package", "value": "Tests.test_promotion"}]}