{"name": "test_prices_on_cart", "status": "failed", "statusDetails": {"message": "AssertionError: assert 18 == 0\n +  where 18 = <bound method CartPage.checking_subtotal_and_bolded_prices of <Web.Tests.test_cart.TestCart object at 0x000002BCBF11C0A0>>()\n +    where <bound method CartPage.checking_subtotal_and_bolded_prices of <Web.Tests.test_cart.TestCart object at 0x000002BCBF11C0A0>> = <Web.Tests.test_cart.TestCart object at 0x000002BCBF11C0A0>.checking_subtotal_and_bolded_prices", "trace": "self = <Web.Tests.test_cart.TestCart object at 0x000002BCBF11C0A0>\n\n    @allure.severity(allure.severity_level.NORMAL)\n    @allure.description(\"Verify if the bolded price and subtotal of the a product on cart\")\n    def test_prices_on_cart(self):\n        self.open()\n        self.select_option1()\n        self.select_option2()\n        self.click_save_button()\n        self.checking_subtotal_and_bolded_prices()\n>       assert self.checking_subtotal_and_bolded_prices() == 0\nE       assert 18 == 0\nE        +  where 18 = <bound method CartPage.checking_subtotal_and_bolded_prices of <Web.Tests.test_cart.TestCart object at 0x000002BCBF11C0A0>>()\nE        +    where <bound method CartPage.checking_subtotal_and_bolded_prices of <Web.Tests.test_cart.TestCart object at 0x000002BCBF11C0A0>> = <Web.Tests.test_cart.TestCart object at 0x000002BCBF11C0A0>.checking_subtotal_and_bolded_prices\n\nTests\\test_cart.py:125: AssertionError"}, "description": "Verify if the bolded price and subtotal of the a product on cart", "steps": [{"name": "Opening the qa-trado website", "status": "passed", "start": 1677080585951, "stop": 1677080592914}, {"name": "select_option1", "status": "passed", "start": 1677080592915, "stop": 1677080593021}, {"name": "select_option2", "status": "passed", "start": 1677080593021, "stop": 1677080593104}, {"name": "click_save_button", "status": "passed", "start": 1677080593104, "stop": 1677080593525}, {"name": "checking_subtotal_and_bolded_prices", "status": "passed", "steps": [{"name": "add_products", "status": "passed", "start": 1677080593525, "stop": 1677080594097}], "start": 1677080593525, "stop": 1677080628706}, {"name": "checking_subtotal_and_bolded_prices", "status": "passed", "steps": [{"name": "add_products", "status": "passed", "start": 1677080628706, "stop": 1677080629262}], "start": 1677080628706, "stop": 1677080661843}], "start": 1677080585951, "stop": 1677080661844, "uuid": "c1c128fe-26fe-45af-9f8b-c1e1c6623f53", "historyId": "1f17475672c7f96fc55b102cddfdc24b", "testCaseId": "4d0822551e26ef2f006d85f07a36a795", "fullName": "Tests.test_cart.TestCart#test_prices_on_cart", "labels": [{"name": "severity", "value": "normal"}, {"name": "parentSuite", "value": "Tests"}, {"name": "suite", "value": "test_cart"}, {"name": "subSuite", "value": "TestCart"}, {"name": "host", "value": "mike"}, {"name": "thread", "value": "18868-MainThread"}, {"name": "framework", "value": "pytest"}, {"name": "language", "value": "cpython3"}, {"name": "package", "value": "Tests.test_cart"}]}