{"name": "test_adding_all_products_to_cart", "status": "failed", "statusDetails": {"message": "AssertionError: assert 19 == 20\n +  where 19 = <bound method PromotionPage.adding_products of <Web.Tests.test_promotion.Test_Promotion object at 0x000002BCBF0B6500>>()\n +    where <bound method PromotionPage.adding_products of <Web.Tests.test_promotion.Test_Promotion object at 0x000002BCBF0B6500>> = <Web.Tests.test_promotion.Test_Promotion object at 0x000002BCBF0B6500>.adding_products\n +  and   20 = <bound method PromotionPage.expected_product_number of <Web.Tests.test_promotion.Test_Promotion object at 0x000002BCBF0B6500>>()\n +    where <bound method PromotionPage.expected_product_number of <Web.Tests.test_promotion.Test_Promotion object at 0x000002BCBF0B6500>> = <Web.Tests.test_promotion.Test_Promotion object at 0x000002BCBF0B6500>.expected_product_number", "trace": "self = <Web.Tests.test_promotion.Test_Promotion object at 0x000002BCBF0B6500>\n\n    @allure.severity(allure.severity_level.NORMAL)\n    @allure.description(\"Verify if the user can add all products on cart\")\n    def test_adding_all_products_to_cart(self):\n        self.open()\n        self.select_option1()\n        self.select_option2()\n        self.click_save_button()\n>       assert self.adding_products() == self.expected_product_number()\nE       assert 19 == 20\nE        +  where 19 = <bound method PromotionPage.adding_products of <Web.Tests.test_promotion.Test_Promotion object at 0x000002BCBF0B6500>>()\nE        +    where <bound method PromotionPage.adding_products of <Web.Tests.test_promotion.Test_Promotion object at 0x000002BCBF0B6500>> = <Web.Tests.test_promotion.Test_Promotion object at 0x000002BCBF0B6500>.adding_products\nE        +  and   20 = <bound method PromotionPage.expected_product_number of <Web.Tests.test_promotion.Test_Promotion object at 0x000002BCBF0B6500>>()\nE        +    where <bound method PromotionPage.expected_product_number of <Web.Tests.test_promotion.Test_Promotion object at 0x000002BCBF0B6500>> = <Web.Tests.test_promotion.Test_Promotion object at 0x000002BCBF0B6500>.expected_product_number\n\nTests\\test_promotion.py:97: AssertionError"}, "description": "Verify if the user can add all products on cart", "steps": [{"name": "Opening the qa-trado website", "status": "passed", "start": 1677084858729, "stop": 1677084873660}, {"name": "adding_products", "status": "passed", "start": 1677084875850, "stop": 1677084911629}, {"name": "expected_product_number", "status": "passed", "start": 1677084911629, "stop": 1677084912295}], "start": 1677084858729, "stop": 1677084912296, "uuid": "ac837b21-c694-49c1-9a39-1e16347b711a", "historyId": "9a34d15889d869d64dc643da9c878693", "testCaseId": "b86d3d0eca24143c69c6d4845b2b399c", "fullName": "Tests.test_promotion.Test_Promotion#test_adding_all_products_to_cart", "labels": [{"name": "severity", "value": "normal"}, {"name": "parentSuite", "value": "Tests"}, {"name": "suite", "value": "test_promotion"}, {"name": "subSuite", "value": "Test_Promotion"}, {"name": "host", "value": "mike"}, {"name": "thread", "value": "18868-MainThread"}, {"name": "framework", "value": "pytest"}, {"name": "language", "value": "cpython3"}, {"name": "package", "value": "Tests.test_promotion"}]}