{"name": "test_register_with_invalid_id", "status": "failed", "statusDetails": {"message": "AssertionError: assert 'רק מוודאים שאנחנו מכירים' != 'רק מוודאים שאנחנו מכירים'\n +  where 'רק מוודאים שאנחנו מכירים' = <bound method RegisterPage.checking_the_title of <Web.Tests.test_register.Test_Register object at 0x000002BCBF0CD750>>(('xpath', \"//h2[contains(text(),'רק מוודאים שאנחנו מכירים')]\"))\n +    where <bound method RegisterPage.checking_the_title of <Web.Tests.test_register.Test_Register object at 0x000002BCBF0CD750>> = <Web.Tests.test_register.Test_Register object at 0x000002BCBF0CD750>.checking_the_title\n +    and   ('xpath', \"//h2[contains(text(),'רק מוודאים שאנחנו מכירים')]\") = <Web.Tests.test_register.Test_Register object at 0x000002BCBF0CD750>.page_title2", "trace": "self = <Web.Tests.test_register.Test_Register object at 0x000002BCBF0CD750>\n\n    @allure.severity(allure.severity_level.NORMAL)\n    @allure.description(\"Verify if register is not working with invalid id\")\n    def test_register_with_invalid_id(self):\n        self.handle_the_first_popup()\n        self.click_myaccount_link()\n        self.click_register_button()\n        self.enter_new_phone()\n        self.enter_id_number()\n        self.click_checkbox()\n        self.click_connection()\n>       assert self.checking_the_title(self.page_title2) != 'רק מוודאים שאנחנו מכירים'\nE       assert 'רק מוודאים שאנחנו מכירים' != 'רק מוודאים שאנחנו מכירים'\nE        +  where 'רק מוודאים שאנחנו מכירים' = <bound method RegisterPage.checking_the_title of <Web.Tests.test_register.Test_Register object at 0x000002BCBF0CD750>>(('xpath', \"//h2[contains(text(),'רק מוודאים שאנחנו מכירים')]\"))\nE        +    where <bound method RegisterPage.checking_the_title of <Web.Tests.test_register.Test_Register object at 0x000002BCBF0CD750>> = <Web.Tests.test_register.Test_Register object at 0x000002BCBF0CD750>.checking_the_title\nE        +    and   ('xpath', \"//h2[contains(text(),'רק מוודאים שאנחנו מכירים')]\") = <Web.Tests.test_register.Test_Register object at 0x000002BCBF0CD750>.page_title2\n\nTests\\test_register.py:124: AssertionError"}, "description": "Verify if register is not working with invalid id", "steps": [{"name": "Opening the qa-trado website", "status": "passed", "start": 1677086087417, "stop": 1677086129609}, {"name": "select_option1", "status": "passed", "start": 1677086129609, "stop": 1677086129937}, {"name": "select_option2", "status": "passed", "start": 1677086129937, "stop": 1677086130294}, {"name": "click_save_button", "status": "passed", "start": 1677086130294, "stop": 1677086131969}, {"name": "click_myaccount_link", "status": "passed", "start": 1677086131971, "stop": 1677086132398}, {"name": "click_register_button", "status": "passed", "start": 1677086132398, "stop": 1677086133058}, {"name": "enter_new_phone", "status": "passed", "start": 1677086133058, "stop": 1677086133940}, {"name": "enter_id_number", "status": "passed", "start": 1677086133940, "stop": 1677086134590}, {"name": "click_checkbox", "status": "passed", "start": 1677086134590, "stop": 1677086134754}, {"name": "click_connection", "status": "passed", "start": 1677086134754, "stop": 1677086134984}, {"name": "checking_the_title", "status": "passed", "parameters": [{"name": "locate", "value": "('xpath', \"//h2[contains(text(),'רק מוודאים שאנחנו מכירים')]\")"}], "start": 1677086134985, "stop": 1677086139368}], "start": 1677086087417, "stop": 1677086139370, "uuid": "f2cb4c2f-82f8-4c5c-bbd1-47788c04d757", "historyId": "e07413855605c16b25cebc27752651ff", "testCaseId": "64459a076d853ecebceec8137d8bce60", "fullName": "Tests.test_register.Test_Register#test_register_with_invalid_id", "labels": [{"name": "severity", "value": "normal"}, {"name": "parentSuite", "value": "Tests"}, {"name": "suite", "value": "test_register"}, {"name": "subSuite", "value": "Test_Register"}, {"name": "host", "value": "mike"}, {"name": "thread", "value": "18868-MainThread"}, {"name": "framework", "value": "pytest"}, {"name": "language", "value": "cpython3"}, {"name": "package", "value": "Tests.test_register"}]}